0 info it worked if it ends with ok
1 verbose cli [ 'C:\\Program Files\\nodejs\\\\node.exe',
1 verbose cli   'C:\\Program Files\\nodejs\\node_modules\\npm\\bin\\npm-cli.js',
1 verbose cli   'publish' ]
2 info using npm@1.4.9
3 info using node@v0.10.28
4 verbose node symlink C:\Program Files\nodejs\\node.exe
5 verbose publish [ '.' ]
6 verbose cache add [ '.', null ]
7 verbose cache add name=undefined spec="." args=[".",null]
8 verbose parsed url { protocol: null,
8 verbose parsed url   slashes: null,
8 verbose parsed url   auth: null,
8 verbose parsed url   host: null,
8 verbose parsed url   port: null,
8 verbose parsed url   hostname: null,
8 verbose parsed url   hash: null,
8 verbose parsed url   search: null,
8 verbose parsed url   query: null,
8 verbose parsed url   pathname: '.',
8 verbose parsed url   path: '.',
8 verbose parsed url   href: '.' }
9 silly lockFile 3a52ce78- .
10 verbose lock . C:\Users\dalexswa\AppData\Roaming\npm-cache\3a52ce78-.lock
11 verbose tar pack [ 'C:\\Users\\dalexswa\\AppData\\Local\\Temp\\npm-5148-3crCQ10s\\1437729823855-0.325026341015473\\tmp.tgz',
11 verbose tar pack   '.' ]
12 verbose tarball C:\Users\dalexswa\AppData\Local\Temp\npm-5148-3crCQ10s\1437729823855-0.325026341015473\tmp.tgz
13 verbose folder .
14 info prepublish nfsr@0.0.0
15 silly lockFile 1f1177db-tar tar://.
16 verbose lock tar://. C:\Users\dalexswa\AppData\Roaming\npm-cache\1f1177db-tar.lock
17 silly lockFile a88c7a74-823855-0-325026341015473-tmp-tgz tar://C:\Users\dalexswa\AppData\Local\Temp\npm-5148-3crCQ10s\1437729823855-0.325026341015473\tmp.tgz
18 verbose lock tar://C:\Users\dalexswa\AppData\Local\Temp\npm-5148-3crCQ10s\1437729823855-0.325026341015473\tmp.tgz C:\Users\dalexswa\AppData\Roaming\npm-cache\a88c7a74-823855-0-325026341015473-tmp-tgz.lock
19 silly lockFile 1f1177db-tar tar://.
20 silly lockFile 1f1177db-tar tar://.
21 silly lockFile a88c7a74-823855-0-325026341015473-tmp-tgz tar://C:\Users\dalexswa\AppData\Local\Temp\npm-5148-3crCQ10s\1437729823855-0.325026341015473\tmp.tgz
22 silly lockFile a88c7a74-823855-0-325026341015473-tmp-tgz tar://C:\Users\dalexswa\AppData\Local\Temp\npm-5148-3crCQ10s\1437729823855-0.325026341015473\tmp.tgz
23 verbose tar unpack C:\Users\dalexswa\AppData\Local\Temp\npm-5148-3crCQ10s\1437729823855-0.325026341015473\tmp.tgz
24 silly lockFile 50349d78-ing-npm-cache-nfsr-0-0-0-package tar://C:\Users\dalexswa\AppData\Roaming\npm-cache\nfsr\0.0.0\package
25 verbose lock tar://C:\Users\dalexswa\AppData\Roaming\npm-cache\nfsr\0.0.0\package C:\Users\dalexswa\AppData\Roaming\npm-cache\50349d78-ing-npm-cache-nfsr-0-0-0-package.lock
26 silly lockFile a88c7a74-823855-0-325026341015473-tmp-tgz tar://C:\Users\dalexswa\AppData\Local\Temp\npm-5148-3crCQ10s\1437729823855-0.325026341015473\tmp.tgz
27 verbose lock tar://C:\Users\dalexswa\AppData\Local\Temp\npm-5148-3crCQ10s\1437729823855-0.325026341015473\tmp.tgz C:\Users\dalexswa\AppData\Roaming\npm-cache\a88c7a74-823855-0-325026341015473-tmp-tgz.lock
28 silly gunzTarPerm modes [ '755', '644' ]
29 silly gunzTarPerm extractEntry package.json
30 silly gunzTarPerm modified mode [ 'package.json', 438, 420 ]
31 silly gunzTarPerm extractEntry README.md
32 silly gunzTarPerm modified mode [ 'README.md', 438, 420 ]
33 silly gunzTarPerm extractEntry LICENSE
34 silly gunzTarPerm modified mode [ 'LICENSE', 438, 420 ]
35 silly gunzTarPerm extractEntry bin/nfsr.fsx
36 silly gunzTarPerm modified mode [ 'bin/nfsr.fsx', 438, 420 ]
37 silly gunzTarPerm extractEntry lib/test.fsx
38 silly gunzTarPerm modified mode [ 'lib/test.fsx', 438, 420 ]
39 silly lockFile 50349d78-ing-npm-cache-nfsr-0-0-0-package tar://C:\Users\dalexswa\AppData\Roaming\npm-cache\nfsr\0.0.0\package
40 silly lockFile 50349d78-ing-npm-cache-nfsr-0-0-0-package tar://C:\Users\dalexswa\AppData\Roaming\npm-cache\nfsr\0.0.0\package
41 silly lockFile a88c7a74-823855-0-325026341015473-tmp-tgz tar://C:\Users\dalexswa\AppData\Local\Temp\npm-5148-3crCQ10s\1437729823855-0.325026341015473\tmp.tgz
42 silly lockFile a88c7a74-823855-0-325026341015473-tmp-tgz tar://C:\Users\dalexswa\AppData\Local\Temp\npm-5148-3crCQ10s\1437729823855-0.325026341015473\tmp.tgz
43 silly lockFile 3a52ce78- .
44 silly lockFile 3a52ce78- .
45 silly publish { name: 'nfsr',
45 silly publish   version: '0.0.0',
45 silly publish   description: '',
45 silly publish   main: 'index.js',
45 silly publish   scripts: { test: 'echo "Error: no test specified" && exit 1' },
45 silly publish   bin: {},
45 silly publish   repository: { type: 'git', url: 'https://github.com/Metal10k/nfsr.git' },
45 silly publish   author: '',
45 silly publish   license: 'ISC',
45 silly publish   bugs: { url: 'https://github.com/Metal10k/nfsr/issues' },
45 silly publish   homepage: 'https://github.com/Metal10k/nfsr',
45 silly publish   readme: '# nfsr\r\n',
45 silly publish   readmeFilename: 'README.md',
45 silly publish   _id: 'nfsr@0.0.0',
45 silly publish   _shasum: '3c3e48c3bba5630017a6d17f8293f6a69efbd9e9',
45 silly publish   _from: '.' }
46 verbose url raw nfsr
47 verbose url resolving [ 'https://registry.npmjs.org/', './nfsr' ]
48 verbose url resolved https://registry.npmjs.org/nfsr
49 info trying registry request attempt 1 at 10:23:44
50 http PUT https://registry.npmjs.org/nfsr
51 http 403 https://registry.npmjs.org/nfsr
52 verbose headers { 'content-type': 'application/json',
52 verbose headers   'cache-control': 'max-age=60',
52 verbose headers   'accept-ranges': 'bytes',
52 verbose headers   date: 'Fri, 24 Jul 2015 09:23:45 GMT',
52 verbose headers   via: '1.1 varnish, HTTPS/1.1 proxy.hargreaveslansdown.co.uk',
52 verbose headers   'x-served-by': 'cache-lcy1124-LCY',
52 verbose headers   'x-cache': 'MISS',
52 verbose headers   'x-cache-hits': '0',
52 verbose headers   'x-timer': 'S1437729824.368288,VS0,VE667',
52 verbose headers   'content-length': '95',
52 verbose headers   age: '1' }
53 error publish Failed PUT 403
54 error Error: "You cannot publish over the previously published version 0.0.0." : nfsr
54 error     at RegClient.<anonymous> (C:\Program Files\nodejs\node_modules\npm\node_modules\npm-registry-client\lib\request.js:273:14)
54 error     at Request._callback (C:\Program Files\nodejs\node_modules\npm\node_modules\npm-registry-client\lib\request.js:211:65)
54 error     at Request.self.callback (C:\Program Files\nodejs\node_modules\npm\node_modules\request\request.js:123:22)
54 error     at Request.EventEmitter.emit (events.js:98:17)
54 error     at Request.<anonymous> (C:\Program Files\nodejs\node_modules\npm\node_modules\request\request.js:893:14)
54 error     at Request.EventEmitter.emit (events.js:117:20)
54 error     at IncomingMessage.<anonymous> (C:\Program Files\nodejs\node_modules\npm\node_modules\request\request.js:844:12)
54 error     at IncomingMessage.EventEmitter.emit (events.js:117:20)
54 error     at _stream_readable.js:919:16
54 error     at process._tickCallback (node.js:419:13)
55 error If you need help, you may report this *entire* log,
55 error including the npm and node versions, at:
55 error     <http://github.com/npm/npm/issues>
56 error System Windows_NT 6.1.7601
57 error command "C:\\Program Files\\nodejs\\\\node.exe" "C:\\Program Files\\nodejs\\node_modules\\npm\\bin\\npm-cli.js" "publish"
58 error cwd D:\GitRepositories\Github\nfsr\nfsr
59 error node -v v0.10.28
60 error npm -v 1.4.9
61 verbose exit [ 1, true ]
